<?xml version="1.0" encoding="UTF-8"?>
<!-- Generated by org.testng.reporters.JUnitReportReporter -->
<testsuite hostname="SHRAVRA1" failures="0" tests="4" name="RestAssuredPackage.PostRequestClass" time="2.043" errors="0" timestamp="10 May 2021 12:30:20 GMT" skipped="0">
  <testcase classname="RestAssuredPackage.PostRequestClass" name="testcase1" time="1.757"/>
  <testcase classname="RestAssuredPackage.PostRequestClass" name="testcase1" time="0.097"/>
  <testcase classname="RestAssuredPackage.PostRequestClass" name="testcase1" time="0.095"/>
  <testcase classname="RestAssuredPackage.PostRequestClass" name="testcase1" time="0.094"/>
</testsuite> <!-- RestAssuredPackage.PostRequestClass -->
