<?xml version="1.0" encoding="UTF-8"?>
<!-- Generated by org.testng.reporters.JUnitReportReporter -->
<testsuite hostname="SHRAVRA1" failures="0" tests="1" name="RestAssuredPackage.SaopRequest" time="4.198" errors="0" timestamp="10 May 2021 11:57:01 GMT" skipped="0">
  <testcase classname="RestAssuredPackage.SaopRequest" name="secondtestcase" time="4.198"/>
</testsuite> <!-- RestAssuredPackage.SaopRequest -->
