<?xml version="1.0" encoding="UTF-8"?>
<!-- Generated by org.testng.reporters.JUnitReportReporter -->
<testsuite hostname="SHRAVRA1" failures="0" tests="4" name="RestAssuredPackage.RestAssuredClass" time="2.322" errors="0" timestamp="10 May 2021 11:49:30 GMT" skipped="0">
  <testcase classname="RestAssuredPackage.RestAssuredClass" name="testcase1" time="2.054"/>
  <testcase classname="RestAssuredPackage.RestAssuredClass" name="testcase1" time="0.086"/>
  <testcase classname="RestAssuredPackage.RestAssuredClass" name="testcase1" time="0.090"/>
  <testcase classname="RestAssuredPackage.RestAssuredClass" name="testcase1" time="0.092"/>
</testsuite> <!-- RestAssuredPackage.RestAssuredClass -->
